0 info it worked if it ends with ok
1 verbose cli [ '/usr/local/Cellar/node/6.4.0/bin/node',
1 verbose cli   '/usr/local/bin/npm',
1 verbose cli   'run',
1 verbose cli   'test' ]
2 info using npm@3.10.3
3 info using node@v6.4.0
4 verbose run-script [ 'pretest', 'test', 'posttest' ]
5 info lifecycle starter@1.0.0~pretest: starter@1.0.0
6 silly lifecycle starter@1.0.0~pretest: no script for pretest, continuing
7 info lifecycle starter@1.0.0~test: starter@1.0.0
8 verbose lifecycle starter@1.0.0~test: unsafe-perm in lifecycle true
9 verbose lifecycle starter@1.0.0~test: PATH: /usr/local/lib/node_modules/npm/bin/node-gyp-bin:/Users/suzannewen/code thingz/comp431/hw5/node_modules/.bin:/usr/local/Cellar/node/6.4.0/bin:/usr/local/share/npm/bin:/Users/suzannewen/bin:/usr/local/bin:/usr/local/bin:/usr/bin:/bin:/usr/sbin:/sbin:/Library/TeX/texbin
10 verbose lifecycle starter@1.0.0~test: CWD: /Users/suzannewen/code thingz/comp431/hw5
11 silly lifecycle starter@1.0.0~test: Args: [ '-c', 'npm run mocha' ]
12 silly lifecycle starter@1.0.0~test: Returned: code: 1  signal: null
13 info lifecycle starter@1.0.0~test: Failed to exec test script
14 verbose stack Error: starter@1.0.0 test: `npm run mocha`
14 verbose stack Exit status 1
14 verbose stack     at EventEmitter.<anonymous> (/usr/local/lib/node_modules/npm/lib/utils/lifecycle.js:242:16)
14 verbose stack     at emitTwo (events.js:106:13)
14 verbose stack     at EventEmitter.emit (events.js:191:7)
14 verbose stack     at ChildProcess.<anonymous> (/usr/local/lib/node_modules/npm/lib/utils/spawn.js:40:14)
14 verbose stack     at emitTwo (events.js:106:13)
14 verbose stack     at ChildProcess.emit (events.js:191:7)
14 verbose stack     at maybeClose (internal/child_process.js:852:16)
14 verbose stack     at Process.ChildProcess._handle.onexit (internal/child_process.js:215:5)
15 verbose pkgid starter@1.0.0
16 verbose cwd /Users/suzannewen/code thingz/comp431/hw5
17 error Darwin 16.0.0
18 error argv "/usr/local/Cellar/node/6.4.0/bin/node" "/usr/local/bin/npm" "run" "test"
19 error node v6.4.0
20 error npm  v3.10.3
21 error code ELIFECYCLE
22 error starter@1.0.0 test: `npm run mocha`
22 error Exit status 1
23 error Failed at the starter@1.0.0 test script 'npm run mocha'.
23 error Make sure you have the latest version of node.js and npm installed.
23 error If you do, this is most likely a problem with the starter package,
23 error not with npm itself.
23 error Tell the author that this fails on your system:
23 error     npm run mocha
23 error You can get information on how to open an issue for this project with:
23 error     npm bugs starter
23 error Or if that isn't available, you can get their info via:
23 error     npm owner ls starter
23 error There is likely additional logging output above.
24 verbose exit [ 1, true ]
